<?xml version="1.0" encoding="UTF-8"?>
<!-- Generated by org.testng.reporters.JUnitReportReporter -->
<testsuite hostname="BrunoNew" failures="0" tests="4" name="api.test.UserTest" time="4.503" errors="0" timestamp="2024-04-30T00:57:16 WEST" skipped="0">
  <testcase classname="api.test.UserTest" name="testPostUser" time="2.280"/>
  <system-out/>
  <testcase classname="api.test.UserTest" name="testGetUserByName" time="0.573"/>
  <system-out/>
  <testcase classname="api.test.UserTest" name="testUpdateUserByName" time="1.106"/>
  <system-out/>
  <testcase classname="api.test.UserTest" name="testDeleteUserByName" time="0.544"/>
  <system-out/>
</testsuite> <!-- api.test.UserTest -->
