<?xml version="1.0" encoding="UTF-8"?>
<!-- Generated by org.testng.reporters.JUnitReportReporter -->
<testsuite hostname="BrunoNew" failures="0" tests="6" name="api.test.DDTests" time="5.015" errors="0" timestamp="2024-04-29T22:15:58 WEST" skipped="0">
  <testcase classname="api.test.DDTests" name="testPostuser" time="0.544"/>
  <system-out/>
  <testcase classname="api.test.DDTests" name="testPostuser" time="2.363"/>
  <system-out/>
  <testcase classname="api.test.DDTests" name="testPostuser" time="0.522"/>
  <system-out/>
  <testcase classname="api.test.DDTests" name="testDeleteUserByName" time="0.515"/>
  <system-out/>
  <testcase classname="api.test.DDTests" name="testDeleteUserByName" time="0.550"/>
  <system-out/>
  <testcase classname="api.test.DDTests" name="testDeleteUserByName" time="0.521"/>
  <system-out/>
</testsuite> <!-- api.test.DDTests -->
