<?xml version="1.0" encoding="UTF-8"?>
<!-- Generated by org.testng.reporters.JUnitReportReporter -->
<testsuite hostname="BrunoNew" failures="0" tests="4" name="api.test.UserTest2" time="4.450" errors="0" timestamp="2024-04-30T16:56:07 WEST" skipped="0">
  <testcase classname="api.test.UserTest2" name="testPostUser" time="2.328"/>
  <system-out/>
  <testcase classname="api.test.UserTest2" name="testGetUserByName" time="0.543"/>
  <system-out/>
  <testcase classname="api.test.UserTest2" name="testUpdateUserByName" time="1.053"/>
  <system-out/>
  <testcase classname="api.test.UserTest2" name="testDeleteUserByName" time="0.526"/>
  <system-out/>
</testsuite> <!-- api.test.UserTest2 -->
