<?xml version="1.0" encoding="UTF-8"?>
<!-- Generated by org.testng.reporters.JUnitReportReporter -->
<testsuite hostname="BrunoNew" failures="0" tests="4" name="api.test.UserTest2" time="5.381" errors="0" timestamp="2024-04-30T17:23:08 WEST" skipped="0">
  <testcase classname="api.test.UserTest2" name="testPostUser" time="2.276"/>
  <testcase classname="api.test.UserTest2" name="testGetUserByName" time="1.547"/>
  <testcase classname="api.test.UserTest2" name="testUpdateUserByName" time="1.040"/>
  <testcase classname="api.test.UserTest2" name="testDeleteUserByName" time="0.518"/>
</testsuite> <!-- api.test.UserTest2 -->
